Arguments: 
  /home/guillaume-gomez/.nvm/versions/node/v8.0.0/bin/node /usr/share/yarn/bin/yarn.js install

PATH: 
  /home/guillaume-gomez/.nvm/versions/node/v8.0.0/bin:/home/guillaume-gomez/bin:/home/guillaume-gomez/.local/bin:/usr/local/sbin:/usr/local/bin:/usr/sbin:/usr/bin:/sbin:/bin:/usr/games:/usr/local/games:/snap/bin

Yarn version: 
  1.5.1

Node version: 
  8.0.0

Platform: 
  linux x64

npm manifest: 
  {
    "name": "phaser-es6-boilerplate",
    "version": "1.0.2",
    "description": "Tiny flexible template for writing Phaser games in ES6/ES2015 with Babel.",
    "main": "src/index.js",
    "scripts": {
      "start": "gulp --default --project",
      "production": "gulp --production"
    },
    "repository": {
      "type": "git",
      "url": "https://github.com/belohlavek/phaser-es6-boilerplate"
    },
    "author": "Daniel Belohlavek",
    "license": "MIT",
    "devDependencies": {
      "babel-preset-es2015": "^6.6.0",
      "babelify": "^7.2.0",
      "browser-sync": "^2.12.3",
      "browserify": "^13.0.0",
      "del": "^2.2.0",
      "exorcist": "^0.4.0",
      "gulp": "^3.9.1",
      "gulp-buffer": "0.0.2",
      "gulp-if": "^2.0.0",
      "gulp-uglify": "^1.5.3",
      "gulp-util": "^3.0.7",
      "vinyl-source-stream": "^1.1.0",
      "yargs": "^4.6.0"
    },
    "dependencies": {
      "gulp-install": "^1.1.0",
      "phaser": "^2.4.7"
    }
  }

yarn manifest: 
  No manifest

Lockfile: 
  No lockfile

Trace: 
  Error: getaddrinfo EAI_AGAIN registry.yarnpkg.com:443
      at Object.exports._errnoException (util.js:1026:11)
      at errnoException (dns.js:55:15)
      at GetAddrInfoReqWrap.onlookup [as oncomplete] (dns.js:95:26)
